Sun Jan 30 16:40:50 EST 2022
44877271
CIFAR10
python main.py --job_id 44877271_1
python main.py --num_class 8 --data_name cifar10_20000_tricolor --job_id 44877271_2
python main.py --num_class 4 --data_name cifar10_20000_trirotation --job_id 44877271_3
---------------------------------------------------------------
Sun Jan 30 16:45:02 EST 2022
44877287
CIFAR10
python main.py --job_id 44877287_1
python main.py --num_class 8 --data_name cifar10_20000_tricolor --job_id 44877287_2
python main.py --num_class 4 --data_name cifar10_20000_trirotation --job_id 44877287_3
---------------------------------------------------------------
Sun Jan 30 16:45:55 EST 2022
44877288
CIFAR10
python main.py --job_id 44877288_1
python main.py --num_class 8 --data_name cifar10_20000_tricolor --job_id 44877288_2
python main.py --num_class 4 --data_name cifar10_20000_trirotation --job_id 44877288_3
---------------------------------------------------------------
Sun Jan 30 17:55:40 EST 2022
44877360
CIFAR10
python main.py --job_id 44877360_1
python main.py --num_class 8 --data_name cifar10_20000_tricolor --job_id 44877360_2
python main.py --num_class 4 --data_name cifar10_20000_trirotation --job_id 44877360_3
---------------------------------------------------------------
Sun Jan 30 17:57:18 EST 2022
44877365
CIFAR10
python main.py --job_id 44877365_1
python main.py --num_class 8 --data_name cifar10_20000_tricolor --job_id 44877365_2
python main.py --num_class 4 --data_name cifar10_20000_trirotation --job_id 44877365_3
---------------------------------------------------------------
Sun Jan 30 18:33:37 EST 2022
44877748
CIFAR10
python main.py --num_class 4 --data_name cifar10_20000_trotation_object --job_id 44877748_1
python main.py --num_class 4 --data_name cifar10_20000_tobject_rotation --job_id 44877748_2
---------------------------------------------------------------
Sun Jan 30 18:36:43 EST 2022
44877749
CIFAR10
python main.py --num_class 8 --data_name cifar10_20000_tcolor_object --job_id 44877749_1
python main.py --num_class 4 --data_name cifar10_20000_tobject_color --job_id 44877749_2
---------------------------------------------------------------
Thu Feb  3 22:45:54 EST 2022
45049325
CIFAR10
python main.py --job_id 45049325_1
python main.py --num_class 8 --data_name cifar10_20000_tricolor --job_id 45049325_2
python main.py --num_class 4 --data_name cifar10_20000_trirotation --job_id 45049325_3
---------------------------------------------------------------
Thu Feb  3 22:45:58 EST 2022
45049391
CIFAR10
python main.py --job_id 45049391_1
python main.py --num_class 8 --data_name cifar10_20000_tricolor --job_id 45049391_2
python main.py --num_class 4 --data_name cifar10_20000_trirotation --job_id 45049391_3
---------------------------------------------------------------
